2016年05月22日 8时43分 用户登录成功 账号:5569 密码:5579
2016年05月22日 8时48分 用户登录成功 账号:5569 密码:5579
2016年05月22日 9时16分 用户登录成功 账号:5569 密码:5579
2016年05月22日 9时29分 用户登录成功 账号:5569 密码:5579
2016年05月22日 9时30分 用户登录成功 账号:5569 密码:5579
2016年05月22日10时09分 用户登录成功 账号:5569 密码:5579
2016年05月22日10时31分 用户登录成功 账号:5569 密码:5579
2016年05月22日10时42分 用户登录成功 账号:5569 密码:5579
2016年05月22日10时43分 用户登录成功 账号:5569 密码:5579
2016年05月22日11时43分 用户登录成功 账号:5569 密码:5579
2016年05月22日11时51分 用户登录成功 账号:5569 密码:5579
2016年05月22日11时55分 用户登录成功 账号:5569 密码:5579
2016年05月22日12时01分 用户登录成功 账号:5569 密码:5579
2016年05月22日13时42分 用户登录成功 账号:5569 密码:5579
2016年05月22日14时20分 用户登录成功 账号:5569 密码:5579
2016年05月22日18时45分 用户登录成功 账号:5569 密码:5579
2016年05月22日18时53分 用户登录成功 账号:1234 密码:1234
2016年05月22日22时37分 用户登录失败 账号:1234 密码:1234
2016年05月22日22时39分 用户登录成功 账号:1234 密码:1234
2016年05月22日23时05分 用户登录成功 账号:1234 密码:1234
2016年05月23日 9时59分 用户登录成功 账号:1234 密码:1234
2016年05月23日10时18分 用户登录成功 账号:1234 密码:1234
2016年05月23日10时40分 用户登录成功 账号:1234 密码:1234
2016年05月23日11时39分 用户登录成功 账号:1234 密码:1234
2016年05月23日12时35分 用户登录成功 账号:5569 密码:5569
2016年05月23日12时39分 用户登录成功 账号:1234 密码:1234
2016年05月23日13时39分 用户登录成功 账号:1234 密码:1234
2016年05月23日13时52分 用户登录成功 账号:1234 密码:1234
2016年05月23日14时23分 用户登录成功 账号:1234 密码:1234
2016年05月23日14时42分 用户登录成功 账号:1234 密码:1234
2016年05月23日15时17分 用户登录成功 账号:1234 密码:1234
2016年05月23日16时17分 用户登录成功 账号:1234 密码:1234
2016年05月23日17时17分 用户登录成功 账号:1234 密码:1234
2016年05月23日17时36分 用户登录成功 账号:1234 密码:1234
2016年05月23日22时51分 用户登录失败 账号:1574197965 密码:15736537787
2016年05月23日23时19分 用户登录成功 账号:1574197965 密码:15736537787
2016年05月23日23时20分 用户登录成功 账号:1574197965 密码:15736537787
2016年05月23日23时37分 用户登录成功 账号:1234 密码:1234
2016年05月23日23时48分 用户登录成功 账号:1574197965 密码:15736537787
2016年05月23日23时48分 用户登录成功 账号:1574197965 密码:15736537787
2016年05月24日 0时36分 用户登录失败 账号:1574197965 密码:15736537787
2016年05月24日 1时00分 用户登录失败 账号:admin123456 密码:admin
2016年05月24日 1时13分 用户登录失败 账号:1574197965 密码:15736537787
2016年05月24日 1时31分 用户登录失败 账号:admin123456 密码:admin
2016年05月24日 1时38分 用户登录失败 账号:admin123456 密码:admin
2016年05月24日 1时39分 用户登录成功 账号:1234 密码:1234
2016年05月24日 1时39分 用户登录成功 账号:1234 密码:1234
2016年05月24日 2时51分 用户登录成功 账号:12345 密码:12345
2016年05月24日 3时02分 用户登录成功 账号:12345 密码:12345
2016年05月24日 6时05分 用户登录失败 账号:12345 密码:12345
2016年05月24日 6时05分 用户登录成功 账号:1234 密码:1234
2016年05月24日 6时23分 用户登录成功 账号:1574197965 密码:15736537787
2016年05月24日 7时05分 用户登录失败 账号:1234 密码:1234
2016年05月24日 8时46分 用户登录成功 账号:1574197965 密码:15736537787
2016年05月24日 8时47分 用户登录成功 账号:1574197965 密码:15736537787
2016年05月24日 9时44分 用户登录成功 账号:1574197965 密码:15736537787
2016年05月24日 9时47分 用户登录成功 账号:1574197965 密码:15736537787
2016年05月24日 9时47分 用户登录成功 账号:1574197965 密码:15736537787
2016年05月24日 9时47分 用户登录成功 账号:1574197965 密码:15736537787
2016年05月24日 9时47分 用户登录成功 账号:1574197965 密码:15736537787
2016年05月24日10时47分 用户登录成功 账号:1574197965 密码:15736537787
2016年05月24日11时47分 用户登录成功 账号:1574197965 密码:15736537787
2016年05月24日17时23分 用户登录成功 账号:1574197965 密码:15736537787
2016年05月24日18时44分 用户登录成功 账号:1234 密码:1234
2016年05月24日18时58分 用户登录成功 账号:1234 密码:1234
2016年05月24日19时06分 用户登录成功 账号:1234 密码:1234
2016年05月25日 4时05分 用户登录成功 账号:1234 密码:1234
2016年05月25日 4时32分 用户登录成功 账号:1234 密码:1234
2016年05月25日 5时32分 用户登录成功 账号:1234 密码:1234
2016年05月25日 6时32分 用户登录成功 账号:1234 密码:1234
2016年05月25日 6时38分 用户登录成功 账号:1234 密码:1234
2016年05月25日 6时39分 用户登录成功 账号:1234 密码:1234
2016年05月25日 7时39分 用户登录成功 账号:1234 密码:1234
2016年05月25日 8时39分 用户登录成功 账号:1234 密码:1234
2016年05月25日 9时24分 用户登录成功 账号:1234 密码:1234
2016年05月25日 9时26分 用户登录成功 账号:1234 密码:1234
2016年05月25日10时04分 用户登录成功 账号:1234 密码:1234
2016年05月25日11时13分 用户登录成功 账号:1234 密码:1234
2016年05月25日11时52分 用户登录成功 账号:1234 密码:1234
2016年05月25日16时41分 用户登录成功 账号:1234 密码:1234
2016年05月25日17时20分 用户登录成功 账号:1234 密码:1234
2016年05月26日16时54分 用户登录成功 账号:1234 密码:1234
2016年05月27日 1时11分 用户登录失败 账号:1234 密码:1234
2016年05月27日 1时11分 用户登录失败 账号:1234 密码:1234
2016年05月27日 1时12分 用户登录成功 账号:1234 密码:1234
